<?xml version="1.0" encoding="UTF-8"?>
<testng-results skipped="0" failed="0" ignored="0" total="1" passed="1">
  <reporter-output>
  </reporter-output>
  <suite name="FlynasTest " duration-ms="14859" started-at="2019-10-14T10:26:06Z" finished-at="2019-10-14T10:26:21Z">
    <groups>
    </groups>
    <test name="Regression Test" duration-ms="14859" started-at="2019-10-14T10:26:06Z" finished-at="2019-10-14T10:26:21Z">
      <class name="testCases.flynasFlow">
        <test-method status="PASS" signature="test()[pri:0, instance:testCases.flynasFlow@aa12dd]" name="test" duration-ms="14834" started-at="2019-10-14T10:26:06Z" finished-at="2019-10-14T10:26:21Z">
          <reporter-output>
          </reporter-output>
        </test-method> <!-- test -->
      </class> <!-- testCases.flynasFlow -->
    </test> <!-- Regression Test -->
  </suite> <!-- FlynasTest  -->
</testng-results>
