<?xml version="1.0" encoding="UTF-8"?>
<testng-results skipped="0" failed="0" ignored="0" total="1" passed="1">
  <reporter-output>
  </reporter-output>
  <suite name="Default suite" duration-ms="219219" started-at="2019-09-11T04:06:58Z" finished-at="2019-09-11T04:10:37Z">
    <groups>
    </groups>
    <test name="Default test" duration-ms="219219" started-at="2019-09-11T04:06:58Z" finished-at="2019-09-11T04:10:37Z">
      <class name="testCases.flynasFlow">
        <test-method status="PASS" signature="test()[pri:0, instance:testCases.flynasFlow@1d371b2d]" name="test" duration-ms="219189" started-at="2019-09-11T04:06:58Z" finished-at="2019-09-11T04:10:37Z">
          <reporter-output>
          </reporter-output>
        </test-method> <!-- test -->
      </class> <!-- testCases.flynasFlow -->
    </test> <!-- Default test -->
  </suite> <!-- Default suite -->
</testng-results>
